--------------- Clean Started: 08/05/2016 12:28:27 Project: uGFX Demo, Configuration: ARM GCC 4.9-2015-q1-update Debug ---------------
Deleting file ".\ARM_GCC_493\Debug\main.o"
Deleting file ".\ARM_GCC_493\Debug\gfx_mk.o"
Deleting file ".\ARM_GCC_493\Debug\gdisp_lld_ILI9341.o"
Deleting file ".\ARM_GCC_493\Debug\ugfx_raw32_implementations.o"
Deleting file ".\ARM_GCC_493\Debug\cyfitter_cfg.o"
Deleting file ".\ARM_GCC_493\Debug\cymetadata.o"
Deleting file ".\ARM_GCC_493\Debug\Cm3Start.o"
Deleting file ".\ARM_GCC_493\Debug\CyBootAsmGnu.o"
Deleting file ".\ARM_GCC_493\Debug\CyDmac.o"
Deleting file ".\ARM_GCC_493\Debug\CyFlash.o"
Deleting file ".\ARM_GCC_493\Debug\CyLib.o"
Deleting file ".\ARM_GCC_493\Debug\cyPm.o"
Deleting file ".\ARM_GCC_493\Debug\CySpc.o"
Deleting file ".\ARM_GCC_493\Debug\cyutils.o"
Deleting file ".\ARM_GCC_493\Debug\LCD_SPI.o"
Deleting file ".\ARM_GCC_493\Debug\LCD_SPI_PM.o"
Deleting file ".\ARM_GCC_493\Debug\LCD_SPI_INT.o"
Deleting file ".\ARM_GCC_493\Debug\LCD_CS.o"
Deleting file ".\ARM_GCC_493\Debug\LCD_SCK.o"
Deleting file ".\ARM_GCC_493\Debug\LCD_MOSI.o"
Deleting file ".\ARM_GCC_493\Debug\LCD_MISO.o"
Deleting file ".\ARM_GCC_493\Debug\LCD_SPI_IntClock.o"
Deleting file ".\ARM_GCC_493\Debug\Systick_Counter.o"
Deleting file ".\ARM_GCC_493\Debug\Systick_Counter_PM.o"
Deleting file ".\ARM_GCC_493\Debug\LCD_DC.o"
Deleting file ".\ARM_GCC_493\Debug\LCD_RST.o"
Deleting file ".\ARM_GCC_493\Debug\Systick_Timer.o"
Deleting file ".\ARM_GCC_493\Debug\Systick_Timer_PM.o"
Deleting file ".\ARM_GCC_493\Debug\uGFX Demo.hex"
Deleting file ".\ARM_GCC_493\Debug\uGFX Demo.elf"
Deleting file ".\ARM_GCC_493\Debug\uGFX Demo.map"
Deleting file ".\uGFX Demo.cycdx"
Deleting file ".\uGFX Demo.svd"
Deleting file ".\uGFX Demo.rpt"
Deleting file ".\uGFX Demo_timing.html"
Deleting file ".\ARM_GCC_493\Debug\.deps\C_FILE.P"
Deleting file ".\ARM_GCC_493\Debug\.deps\ARM_C_FILE.P"
Deleting file ".\ARM_GCC_493\Debug\.deps\GNU_ARM_ASM_FILE.P"
--------------- Clean Succeeded: 08/05/2016 12:28:27 ---------------
