ARM GAS  C:\Users\joel\AppData\Local\Temp\ccUhk2lh.s 			page 1


   1              		.syntax unified
   2              		.cpu cortex-m3
   3              		.fpu softvfp
   4              		.eabi_attribute 20, 1
   5              		.eabi_attribute 21, 1
   6              		.eabi_attribute 23, 3
   7              		.eabi_attribute 24, 1
   8              		.eabi_attribute 25, 1
   9              		.eabi_attribute 26, 1
  10              		.eabi_attribute 30, 6
  11              		.eabi_attribute 34, 1
  12              		.eabi_attribute 18, 4
  13              		.thumb
  14              		.file	"ugfx_raw32_implementations.c"
  15              		.text
  16              	.Ltext0:
  17              		.cfi_sections	.debug_frame
  18              		.section	.text.raw32Init,"ax",%progbits
  19              		.align	2
  20              		.global	raw32Init
  21              		.thumb
  22              		.thumb_func
  23              		.type	raw32Init, %function
  24              	raw32Init:
  25              	.LFB63:
  26              		.file 1 ".\\ugfx_raw32_implementations.c"
   1:.\ugfx_raw32_implementations.c **** #include <device.h>
   2:.\ugfx_raw32_implementations.c **** #include "gfx.h"
   3:.\ugfx_raw32_implementations.c **** 
   4:.\ugfx_raw32_implementations.c **** void raw32Init(void)
   5:.\ugfx_raw32_implementations.c **** {
  27              		.loc 1 5 0
  28              		.cfi_startproc
  29              		@ args = 0, pretend = 0, frame = 0
  30              		@ frame_needed = 1, uses_anonymous_args = 0
  31 0000 80B5     		push	{r7, lr}
  32              		.cfi_def_cfa_offset 8
  33              		.cfi_offset 7, -8
  34              		.cfi_offset 14, -4
  35 0002 00AF     		add	r7, sp, #0
  36              		.cfi_def_cfa_register 7
   6:.\ugfx_raw32_implementations.c ****     // Initialize the systick components
   7:.\ugfx_raw32_implementations.c ****     Systick_Timer_Start();
  37              		.loc 1 7 0
  38 0004 FFF7FEFF 		bl	Systick_Timer_Start
   8:.\ugfx_raw32_implementations.c ****     Systick_Counter_Start();
  39              		.loc 1 8 0
  40 0008 FFF7FEFF 		bl	Systick_Counter_Start
   9:.\ugfx_raw32_implementations.c **** }
  41              		.loc 1 9 0
  42 000c 80BD     		pop	{r7, pc}
  43              		.cfi_endproc
  44              	.LFE63:
  45              		.size	raw32Init, .-raw32Init
  46 000e 00BF     		.section	.text.gfxSystemTicks,"ax",%progbits
  47              		.align	2
  48              		.global	gfxSystemTicks
ARM GAS  C:\Users\joel\AppData\Local\Temp\ccUhk2lh.s 			page 2


  49              		.thumb
  50              		.thumb_func
  51              		.type	gfxSystemTicks, %function
  52              	gfxSystemTicks:
  53              	.LFB64:
  10:.\ugfx_raw32_implementations.c **** 
  11:.\ugfx_raw32_implementations.c **** systemticks_t gfxSystemTicks(void)
  12:.\ugfx_raw32_implementations.c **** {
  54              		.loc 1 12 0
  55              		.cfi_startproc
  56              		@ args = 0, pretend = 0, frame = 0
  57              		@ frame_needed = 1, uses_anonymous_args = 0
  58 0000 80B5     		push	{r7, lr}
  59              		.cfi_def_cfa_offset 8
  60              		.cfi_offset 7, -8
  61              		.cfi_offset 14, -4
  62 0002 00AF     		add	r7, sp, #0
  63              		.cfi_def_cfa_register 7
  13:.\ugfx_raw32_implementations.c ****     // We use a counter with a 1kHz clock source
  14:.\ugfx_raw32_implementations.c **** 	return Systick_Counter_ReadCounter();
  64              		.loc 1 14 0
  65 0004 FFF7FEFF 		bl	Systick_Counter_ReadCounter
  66 0008 0346     		mov	r3, r0
  15:.\ugfx_raw32_implementations.c **** }
  67              		.loc 1 15 0
  68 000a 1846     		mov	r0, r3
  69 000c 80BD     		pop	{r7, pc}
  70              		.cfi_endproc
  71              	.LFE64:
  72              		.size	gfxSystemTicks, .-gfxSystemTicks
  73 000e 00BF     		.section	.text.gfxMillisecondsToTicks,"ax",%progbits
  74              		.align	2
  75              		.global	gfxMillisecondsToTicks
  76              		.thumb
  77              		.thumb_func
  78              		.type	gfxMillisecondsToTicks, %function
  79              	gfxMillisecondsToTicks:
  80              	.LFB65:
  16:.\ugfx_raw32_implementations.c ****  
  17:.\ugfx_raw32_implementations.c **** systemticks_t gfxMillisecondsToTicks(delaytime_t ms)
  18:.\ugfx_raw32_implementations.c **** {
  81              		.loc 1 18 0
  82              		.cfi_startproc
  83              		@ args = 0, pretend = 0, frame = 8
  84              		@ frame_needed = 1, uses_anonymous_args = 0
  85              		@ link register save eliminated.
  86 0000 80B4     		push	{r7}
  87              		.cfi_def_cfa_offset 4
  88              		.cfi_offset 7, -4
  89 0002 83B0     		sub	sp, sp, #12
  90              		.cfi_def_cfa_offset 16
  91 0004 00AF     		add	r7, sp, #0
  92              		.cfi_def_cfa_register 7
  93 0006 7860     		str	r0, [r7, #4]
  19:.\ugfx_raw32_implementations.c ****     // We use a counter with a 1kHz clock source
  20:.\ugfx_raw32_implementations.c **** 	return ms;
  94              		.loc 1 20 0
ARM GAS  C:\Users\joel\AppData\Local\Temp\ccUhk2lh.s 			page 3


  95 0008 7B68     		ldr	r3, [r7, #4]
  21:.\ugfx_raw32_implementations.c **** }
  96              		.loc 1 21 0
  97 000a 1846     		mov	r0, r3
  98 000c 0C37     		adds	r7, r7, #12
  99              		.cfi_def_cfa_offset 4
 100 000e BD46     		mov	sp, r7
 101              		.cfi_def_cfa_register 13
 102              		@ sp needed
 103 0010 5DF8047B 		ldr	r7, [sp], #4
 104              		.cfi_restore 7
 105              		.cfi_def_cfa_offset 0
 106 0014 7047     		bx	lr
 107              		.cfi_endproc
 108              	.LFE65:
 109              		.size	gfxMillisecondsToTicks, .-gfxMillisecondsToTicks
 110 0016 00BF     		.text
 111              	.Letext0:
 112              		.file 2 "c:\\program files (x86)\\cypress\\psoc creator\\3.3\\psoc creator\\import\\gnu\\arm\\4.9.
 113              		.file 3 "c:\\program files (x86)\\cypress\\psoc creator\\3.3\\psoc creator\\import\\gnu\\arm\\4.9.
 114              		.file 4 "..\\ugfx_2.6/src/gos/gos_x_threads.h"
 115              		.file 5 "Generated_Source\\PSoC5/core_cm3.h"
 116              		.section	.debug_info,"",%progbits
 117              	.Ldebug_info0:
 118 0000 0E010000 		.4byte	0x10e
 119 0004 0400     		.2byte	0x4
 120 0006 00000000 		.4byte	.Ldebug_abbrev0
 121 000a 04       		.byte	0x4
 122 000b 01       		.uleb128 0x1
 123 000c F9000000 		.4byte	.LASF17
 124 0010 01       		.byte	0x1
 125 0011 64000000 		.4byte	.LASF18
 126 0015 A7000000 		.4byte	.LASF19
 127 0019 00000000 		.4byte	.Ldebug_ranges0+0
 128 001d 00000000 		.4byte	0
 129 0021 00000000 		.4byte	.Ldebug_line0
 130 0025 02       		.uleb128 0x2
 131 0026 01       		.byte	0x1
 132 0027 06       		.byte	0x6
 133 0028 BC010000 		.4byte	.LASF0
 134 002c 02       		.uleb128 0x2
 135 002d 01       		.byte	0x1
 136 002e 08       		.byte	0x8
 137 002f 99000000 		.4byte	.LASF1
 138 0033 02       		.uleb128 0x2
 139 0034 02       		.byte	0x2
 140 0035 05       		.byte	0x5
 141 0036 D8010000 		.4byte	.LASF2
 142 003a 02       		.uleb128 0x2
 143 003b 02       		.byte	0x2
 144 003c 07       		.byte	0x7
 145 003d 0E000000 		.4byte	.LASF3
 146 0041 03       		.uleb128 0x3
 147 0042 C8010000 		.4byte	.LASF9
 148 0046 02       		.byte	0x2
 149 0047 3F       		.byte	0x3f
 150 0048 4C000000 		.4byte	0x4c
ARM GAS  C:\Users\joel\AppData\Local\Temp\ccUhk2lh.s 			page 4


 151 004c 02       		.uleb128 0x2
 152 004d 04       		.byte	0x4
 153 004e 05       		.byte	0x5
 154 004f F0000000 		.4byte	.LASF4
 155 0053 02       		.uleb128 0x2
 156 0054 04       		.byte	0x4
 157 0055 07       		.byte	0x7
 158 0056 3B000000 		.4byte	.LASF5
 159 005a 02       		.uleb128 0x2
 160 005b 08       		.byte	0x8
 161 005c 05       		.byte	0x5
 162 005d 00000000 		.4byte	.LASF6
 163 0061 02       		.uleb128 0x2
 164 0062 08       		.byte	0x8
 165 0063 07       		.byte	0x7
 166 0064 4D000000 		.4byte	.LASF7
 167 0068 04       		.uleb128 0x4
 168 0069 04       		.byte	0x4
 169 006a 05       		.byte	0x5
 170 006b 696E7400 		.ascii	"int\000"
 171 006f 02       		.uleb128 0x2
 172 0070 04       		.byte	0x4
 173 0071 07       		.byte	0x7
 174 0072 2E000000 		.4byte	.LASF8
 175 0076 03       		.uleb128 0x3
 176 0077 E2010000 		.4byte	.LASF10
 177 007b 03       		.byte	0x3
 178 007c 2C       		.byte	0x2c
 179 007d 41000000 		.4byte	0x41
 180 0081 02       		.uleb128 0x2
 181 0082 04       		.byte	0x4
 182 0083 04       		.byte	0x4
 183 0084 D2010000 		.4byte	.LASF11
 184 0088 02       		.uleb128 0x2
 185 0089 08       		.byte	0x8
 186 008a 04       		.byte	0x4
 187 008b 9E010000 		.4byte	.LASF12
 188 008f 02       		.uleb128 0x2
 189 0090 01       		.byte	0x1
 190 0091 08       		.byte	0x8
 191 0092 EA010000 		.4byte	.LASF13
 192 0096 02       		.uleb128 0x2
 193 0097 04       		.byte	0x4
 194 0098 07       		.byte	0x7
 195 0099 A5010000 		.4byte	.LASF14
 196 009d 03       		.uleb128 0x3
 197 009e 83000000 		.4byte	.LASF15
 198 00a2 04       		.byte	0x4
 199 00a3 1B       		.byte	0x1b
 200 00a4 53000000 		.4byte	0x53
 201 00a8 03       		.uleb128 0x3
 202 00a9 AE010000 		.4byte	.LASF16
 203 00ad 04       		.byte	0x4
 204 00ae 1C       		.byte	0x1c
 205 00af 53000000 		.4byte	0x53
 206 00b3 05       		.uleb128 0x5
 207 00b4 8F000000 		.4byte	.LASF20
ARM GAS  C:\Users\joel\AppData\Local\Temp\ccUhk2lh.s 			page 5


 208 00b8 01       		.byte	0x1
 209 00b9 04       		.byte	0x4
 210 00ba 00000000 		.4byte	.LFB63
 211 00be 0E000000 		.4byte	.LFE63-.LFB63
 212 00c2 01       		.uleb128 0x1
 213 00c3 9C       		.byte	0x9c
 214 00c4 06       		.uleb128 0x6
 215 00c5 E1000000 		.4byte	.LASF21
 216 00c9 01       		.byte	0x1
 217 00ca 0B       		.byte	0xb
 218 00cb A8000000 		.4byte	0xa8
 219 00cf 00000000 		.4byte	.LFB64
 220 00d3 0E000000 		.4byte	.LFE64-.LFB64
 221 00d7 01       		.uleb128 0x1
 222 00d8 9C       		.byte	0x9c
 223 00d9 07       		.uleb128 0x7
 224 00da 87010000 		.4byte	.LASF22
 225 00de 01       		.byte	0x1
 226 00df 11       		.byte	0x11
 227 00e0 A8000000 		.4byte	0xa8
 228 00e4 00000000 		.4byte	.LFB65
 229 00e8 16000000 		.4byte	.LFE65-.LFB65
 230 00ec 01       		.uleb128 0x1
 231 00ed 9C       		.byte	0x9c
 232 00ee 00010000 		.4byte	0x100
 233 00f2 08       		.uleb128 0x8
 234 00f3 6D7300   		.ascii	"ms\000"
 235 00f6 01       		.byte	0x1
 236 00f7 11       		.byte	0x11
 237 00f8 9D000000 		.4byte	0x9d
 238 00fc 02       		.uleb128 0x2
 239 00fd 91       		.byte	0x91
 240 00fe 74       		.sleb128 -12
 241 00ff 00       		.byte	0
 242 0100 09       		.uleb128 0x9
 243 0101 21000000 		.4byte	.LASF23
 244 0105 05       		.byte	0x5
 245 0106 9606     		.2byte	0x696
 246 0108 0C010000 		.4byte	0x10c
 247 010c 0A       		.uleb128 0xa
 248 010d 76000000 		.4byte	0x76
 249 0111 00       		.byte	0
 250              		.section	.debug_abbrev,"",%progbits
 251              	.Ldebug_abbrev0:
 252 0000 01       		.uleb128 0x1
 253 0001 11       		.uleb128 0x11
 254 0002 01       		.byte	0x1
 255 0003 25       		.uleb128 0x25
 256 0004 0E       		.uleb128 0xe
 257 0005 13       		.uleb128 0x13
 258 0006 0B       		.uleb128 0xb
 259 0007 03       		.uleb128 0x3
 260 0008 0E       		.uleb128 0xe
 261 0009 1B       		.uleb128 0x1b
 262 000a 0E       		.uleb128 0xe
 263 000b 55       		.uleb128 0x55
 264 000c 17       		.uleb128 0x17
ARM GAS  C:\Users\joel\AppData\Local\Temp\ccUhk2lh.s 			page 6


 265 000d 11       		.uleb128 0x11
 266 000e 01       		.uleb128 0x1
 267 000f 10       		.uleb128 0x10
 268 0010 17       		.uleb128 0x17
 269 0011 00       		.byte	0
 270 0012 00       		.byte	0
 271 0013 02       		.uleb128 0x2
 272 0014 24       		.uleb128 0x24
 273 0015 00       		.byte	0
 274 0016 0B       		.uleb128 0xb
 275 0017 0B       		.uleb128 0xb
 276 0018 3E       		.uleb128 0x3e
 277 0019 0B       		.uleb128 0xb
 278 001a 03       		.uleb128 0x3
 279 001b 0E       		.uleb128 0xe
 280 001c 00       		.byte	0
 281 001d 00       		.byte	0
 282 001e 03       		.uleb128 0x3
 283 001f 16       		.uleb128 0x16
 284 0020 00       		.byte	0
 285 0021 03       		.uleb128 0x3
 286 0022 0E       		.uleb128 0xe
 287 0023 3A       		.uleb128 0x3a
 288 0024 0B       		.uleb128 0xb
 289 0025 3B       		.uleb128 0x3b
 290 0026 0B       		.uleb128 0xb
 291 0027 49       		.uleb128 0x49
 292 0028 13       		.uleb128 0x13
 293 0029 00       		.byte	0
 294 002a 00       		.byte	0
 295 002b 04       		.uleb128 0x4
 296 002c 24       		.uleb128 0x24
 297 002d 00       		.byte	0
 298 002e 0B       		.uleb128 0xb
 299 002f 0B       		.uleb128 0xb
 300 0030 3E       		.uleb128 0x3e
 301 0031 0B       		.uleb128 0xb
 302 0032 03       		.uleb128 0x3
 303 0033 08       		.uleb128 0x8
 304 0034 00       		.byte	0
 305 0035 00       		.byte	0
 306 0036 05       		.uleb128 0x5
 307 0037 2E       		.uleb128 0x2e
 308 0038 00       		.byte	0
 309 0039 3F       		.uleb128 0x3f
 310 003a 19       		.uleb128 0x19
 311 003b 03       		.uleb128 0x3
 312 003c 0E       		.uleb128 0xe
 313 003d 3A       		.uleb128 0x3a
 314 003e 0B       		.uleb128 0xb
 315 003f 3B       		.uleb128 0x3b
 316 0040 0B       		.uleb128 0xb
 317 0041 27       		.uleb128 0x27
 318 0042 19       		.uleb128 0x19
 319 0043 11       		.uleb128 0x11
 320 0044 01       		.uleb128 0x1
 321 0045 12       		.uleb128 0x12
ARM GAS  C:\Users\joel\AppData\Local\Temp\ccUhk2lh.s 			page 7


 322 0046 06       		.uleb128 0x6
 323 0047 40       		.uleb128 0x40
 324 0048 18       		.uleb128 0x18
 325 0049 9642     		.uleb128 0x2116
 326 004b 19       		.uleb128 0x19
 327 004c 00       		.byte	0
 328 004d 00       		.byte	0
 329 004e 06       		.uleb128 0x6
 330 004f 2E       		.uleb128 0x2e
 331 0050 00       		.byte	0
 332 0051 3F       		.uleb128 0x3f
 333 0052 19       		.uleb128 0x19
 334 0053 03       		.uleb128 0x3
 335 0054 0E       		.uleb128 0xe
 336 0055 3A       		.uleb128 0x3a
 337 0056 0B       		.uleb128 0xb
 338 0057 3B       		.uleb128 0x3b
 339 0058 0B       		.uleb128 0xb
 340 0059 27       		.uleb128 0x27
 341 005a 19       		.uleb128 0x19
 342 005b 49       		.uleb128 0x49
 343 005c 13       		.uleb128 0x13
 344 005d 11       		.uleb128 0x11
 345 005e 01       		.uleb128 0x1
 346 005f 12       		.uleb128 0x12
 347 0060 06       		.uleb128 0x6
 348 0061 40       		.uleb128 0x40
 349 0062 18       		.uleb128 0x18
 350 0063 9642     		.uleb128 0x2116
 351 0065 19       		.uleb128 0x19
 352 0066 00       		.byte	0
 353 0067 00       		.byte	0
 354 0068 07       		.uleb128 0x7
 355 0069 2E       		.uleb128 0x2e
 356 006a 01       		.byte	0x1
 357 006b 3F       		.uleb128 0x3f
 358 006c 19       		.uleb128 0x19
 359 006d 03       		.uleb128 0x3
 360 006e 0E       		.uleb128 0xe
 361 006f 3A       		.uleb128 0x3a
 362 0070 0B       		.uleb128 0xb
 363 0071 3B       		.uleb128 0x3b
 364 0072 0B       		.uleb128 0xb
 365 0073 27       		.uleb128 0x27
 366 0074 19       		.uleb128 0x19
 367 0075 49       		.uleb128 0x49
 368 0076 13       		.uleb128 0x13
 369 0077 11       		.uleb128 0x11
 370 0078 01       		.uleb128 0x1
 371 0079 12       		.uleb128 0x12
 372 007a 06       		.uleb128 0x6
 373 007b 40       		.uleb128 0x40
 374 007c 18       		.uleb128 0x18
 375 007d 9742     		.uleb128 0x2117
 376 007f 19       		.uleb128 0x19
 377 0080 01       		.uleb128 0x1
 378 0081 13       		.uleb128 0x13
ARM GAS  C:\Users\joel\AppData\Local\Temp\ccUhk2lh.s 			page 8


 379 0082 00       		.byte	0
 380 0083 00       		.byte	0
 381 0084 08       		.uleb128 0x8
 382 0085 05       		.uleb128 0x5
 383 0086 00       		.byte	0
 384 0087 03       		.uleb128 0x3
 385 0088 08       		.uleb128 0x8
 386 0089 3A       		.uleb128 0x3a
 387 008a 0B       		.uleb128 0xb
 388 008b 3B       		.uleb128 0x3b
 389 008c 0B       		.uleb128 0xb
 390 008d 49       		.uleb128 0x49
 391 008e 13       		.uleb128 0x13
 392 008f 02       		.uleb128 0x2
 393 0090 18       		.uleb128 0x18
 394 0091 00       		.byte	0
 395 0092 00       		.byte	0
 396 0093 09       		.uleb128 0x9
 397 0094 34       		.uleb128 0x34
 398 0095 00       		.byte	0
 399 0096 03       		.uleb128 0x3
 400 0097 0E       		.uleb128 0xe
 401 0098 3A       		.uleb128 0x3a
 402 0099 0B       		.uleb128 0xb
 403 009a 3B       		.uleb128 0x3b
 404 009b 05       		.uleb128 0x5
 405 009c 49       		.uleb128 0x49
 406 009d 13       		.uleb128 0x13
 407 009e 3F       		.uleb128 0x3f
 408 009f 19       		.uleb128 0x19
 409 00a0 3C       		.uleb128 0x3c
 410 00a1 19       		.uleb128 0x19
 411 00a2 00       		.byte	0
 412 00a3 00       		.byte	0
 413 00a4 0A       		.uleb128 0xa
 414 00a5 35       		.uleb128 0x35
 415 00a6 00       		.byte	0
 416 00a7 49       		.uleb128 0x49
 417 00a8 13       		.uleb128 0x13
 418 00a9 00       		.byte	0
 419 00aa 00       		.byte	0
 420 00ab 00       		.byte	0
 421              		.section	.debug_aranges,"",%progbits
 422 0000 2C000000 		.4byte	0x2c
 423 0004 0200     		.2byte	0x2
 424 0006 00000000 		.4byte	.Ldebug_info0
 425 000a 04       		.byte	0x4
 426 000b 00       		.byte	0
 427 000c 0000     		.2byte	0
 428 000e 0000     		.2byte	0
 429 0010 00000000 		.4byte	.LFB63
 430 0014 0E000000 		.4byte	.LFE63-.LFB63
 431 0018 00000000 		.4byte	.LFB64
 432 001c 0E000000 		.4byte	.LFE64-.LFB64
 433 0020 00000000 		.4byte	.LFB65
 434 0024 16000000 		.4byte	.LFE65-.LFB65
 435 0028 00000000 		.4byte	0
ARM GAS  C:\Users\joel\AppData\Local\Temp\ccUhk2lh.s 			page 9


 436 002c 00000000 		.4byte	0
 437              		.section	.debug_ranges,"",%progbits
 438              	.Ldebug_ranges0:
 439 0000 00000000 		.4byte	.LFB63
 440 0004 0E000000 		.4byte	.LFE63
 441 0008 00000000 		.4byte	.LFB64
 442 000c 0E000000 		.4byte	.LFE64
 443 0010 00000000 		.4byte	.LFB65
 444 0014 16000000 		.4byte	.LFE65
 445 0018 00000000 		.4byte	0
 446 001c 00000000 		.4byte	0
 447              		.section	.debug_line,"",%progbits
 448              	.Ldebug_line0:
 449 0000 B1010000 		.section	.debug_str,"MS",%progbits,1
 449      02007901 
 449      00000201 
 449      FB0E0D00 
 449      01010101 
 450              	.LASF6:
 451 0000 6C6F6E67 		.ascii	"long long int\000"
 451      206C6F6E 
 451      6720696E 
 451      7400
 452              	.LASF3:
 453 000e 73686F72 		.ascii	"short unsigned int\000"
 453      7420756E 
 453      7369676E 
 453      65642069 
 453      6E7400
 454              	.LASF23:
 455 0021 49544D5F 		.ascii	"ITM_RxBuffer\000"
 455      52784275 
 455      66666572 
 455      00
 456              	.LASF8:
 457 002e 756E7369 		.ascii	"unsigned int\000"
 457      676E6564 
 457      20696E74 
 457      00
 458              	.LASF5:
 459 003b 6C6F6E67 		.ascii	"long unsigned int\000"
 459      20756E73 
 459      69676E65 
 459      6420696E 
 459      7400
 460              	.LASF7:
 461 004d 6C6F6E67 		.ascii	"long long unsigned int\000"
 461      206C6F6E 
 461      6720756E 
 461      7369676E 
 461      65642069 
 462              	.LASF18:
 463 0064 2E5C7567 		.ascii	".\\ugfx_raw32_implementations.c\000"
 463      66785F72 
 463      61773332 
 463      5F696D70 
 463      6C656D65 
ARM GAS  C:\Users\joel\AppData\Local\Temp\ccUhk2lh.s 			page 10


 464              	.LASF15:
 465 0083 64656C61 		.ascii	"delaytime_t\000"
 465      7974696D 
 465      655F7400 
 466              	.LASF20:
 467 008f 72617733 		.ascii	"raw32Init\000"
 467      32496E69 
 467      7400
 468              	.LASF1:
 469 0099 756E7369 		.ascii	"unsigned char\000"
 469      676E6564 
 469      20636861 
 469      7200
 470              	.LASF19:
 471 00a7 433A5C55 		.ascii	"C:\\Users\\joel\\Desktop\\psoc\\psoc_ugfx_demo\\uGF"
 471      73657273 
 471      5C6A6F65 
 471      6C5C4465 
 471      736B746F 
 472 00d4 58204465 		.ascii	"X Demo.cydsn\000"
 472      6D6F2E63 
 472      7964736E 
 472      00
 473              	.LASF21:
 474 00e1 67667853 		.ascii	"gfxSystemTicks\000"
 474      79737465 
 474      6D546963 
 474      6B7300
 475              	.LASF4:
 476 00f0 6C6F6E67 		.ascii	"long int\000"
 476      20696E74 
 476      00
 477              	.LASF17:
 478 00f9 474E5520 		.ascii	"GNU C 4.9.3 20150303 (release) [ARM/embedded-4_9-br"
 478      4320342E 
 478      392E3320 
 478      32303135 
 478      30333033 
 479 012c 616E6368 		.ascii	"anch revision 221220] -mcpu=cortex-m3 -mthumb -g -O"
 479      20726576 
 479      6973696F 
 479      6E203232 
 479      31323230 
 480 015f 30202D66 		.ascii	"0 -ffunction-sections -ffat-lto-objects\000"
 480      66756E63 
 480      74696F6E 
 480      2D736563 
 480      74696F6E 
 481              	.LASF22:
 482 0187 6766784D 		.ascii	"gfxMillisecondsToTicks\000"
 482      696C6C69 
 482      7365636F 
 482      6E647354 
 482      6F546963 
 483              	.LASF12:
 484 019e 646F7562 		.ascii	"double\000"
 484      6C6500
ARM GAS  C:\Users\joel\AppData\Local\Temp\ccUhk2lh.s 			page 11


 485              	.LASF14:
 486 01a5 73697A65 		.ascii	"sizetype\000"
 486      74797065 
 486      00
 487              	.LASF16:
 488 01ae 73797374 		.ascii	"systemticks_t\000"
 488      656D7469 
 488      636B735F 
 488      7400
 489              	.LASF0:
 490 01bc 7369676E 		.ascii	"signed char\000"
 490      65642063 
 490      68617200 
 491              	.LASF9:
 492 01c8 5F5F696E 		.ascii	"__int32_t\000"
 492      7433325F 
 492      7400
 493              	.LASF11:
 494 01d2 666C6F61 		.ascii	"float\000"
 494      7400
 495              	.LASF2:
 496 01d8 73686F72 		.ascii	"short int\000"
 496      7420696E 
 496      7400
 497              	.LASF10:
 498 01e2 696E7433 		.ascii	"int32_t\000"
 498      325F7400 
 499              	.LASF13:
 500 01ea 63686172 		.ascii	"char\000"
 500      00
 501              		.ident	"GCC: (GNU Tools for ARM Embedded Processors) 4.9.3 20150303 (release) [ARM/embedded-4_9-br
